-  Info: Starting Run...
-- Workload:core=490760323
-- core:time(ns)=586
-- core:contexts=1
-- core:workers=1
-- core:iterations=1
-- core:time(secs)=   0.586
-- core:secs/workload=   0.586
-- core:workloads/sec= 1.70648
Info: This run was executed with verification turned on! For performance results, use -v0.
-- core:UID=10000
-- core:fails=0
-- core:time(ticks)=586
-- core:count=1
-- core:repeats=0
-- core:v1=0
-- core:v2=0
-- core:v3=0
-- core:v4=0
-- core:f1=0.000000e+00
-- core:f2=0.000000e+00
-- core:f3=0.000000e+00
-- core:f4=0.000000e+00
-- core:secs/repeat=     inf
-- core:repeats/sec=       0
-- core:time(secs)=   0.586
-- core:secs/item=   0.586
-- core:items/sec= 1.70648
-- Items:total(ticks)=586
-- Items:total(secs)=   0.586
-- Done:core=490760323
