#UID            Suite Name                                     Ctx Wrk Fails       t(s)       Iter     Iter/s  Codesize   Datasize
#Results for verification run started at 19354:12:48:53 XCMD=-c4
236760500         MLT cjpeg-rose7-preset                         1   1     0      0.011          1      90.91    110566     268800		
#Results for performance runs started at 19354:12:48:53 XCMD=-c4
236760500         MLT cjpeg-rose7-preset                         1   1     0      0.073         10     136.99    110566     268800		
236760500         MLT cjpeg-rose7-preset                         1   1     0      0.073         10     136.99    110566     268800		
236760500         MLT cjpeg-rose7-preset                         1   1     0      0.070         10     142.86    110566     268800		
#Median for final result cjpeg-rose7-preset/
236760500         MLT cjpeg-rose7-preset                         1   1     0      0.073         10     136.99    110566     268800 median single
#UID            Suite Name                                     Ctx Wrk Fails       t(s)       Iter     Iter/s  Codesize   Datasize
#Results for verification run started at 19354:12:48:53 XCMD=-c4
1050863061        MLT sha-test                                   1   1     0      0.008          1     125.00     79156       2408		
#Results for performance runs started at 19354:12:48:54 XCMD=-c4
1050863061        MLT sha-test                                   1   1     0      0.052         10     192.31     79156       2408		
1050863061        MLT sha-test                                   1   1     0      0.053         10     188.68     79156       2408		
1050863061        MLT sha-test                                   1   1     0      0.054         10     185.19     79156       2408		
#Median for final result sha-test/
1050863061        MLT sha-test                                   1   1     0      0.053         10     188.68     79156       2408 median single
#UID            Suite Name                                     Ctx Wrk Fails       t(s)       Iter     Iter/s  Codesize   Datasize
#Results for verification run started at 19354:12:48:54 XCMD=-c4
490760323         MLT core                                       1   1     0      0.607          1       1.65     68622       4704		
#Results for performance runs started at 19354:12:48:55 XCMD=-c4
490760323         MLT core                                       1   1     0      0.586          1       1.71     68622       4704		
490760323         MLT core                                       1   1     0      0.596          1       1.68     68622       4704		
490760323         MLT core                                       1   1     0      0.617          1       1.62     68622       4704		
#Median for final result core/
490760323         MLT core                                       1   1     0      0.596          1       1.68     68622       4704 median single
#UID            Suite Name                                     Ctx Wrk Fails       t(s)       Iter     Iter/s  Codesize   Datasize
#Results for verification run started at 19354:12:48:57 XCMD=-c4
549578576         MLT nnet_test                                  1   1     0      0.137          1       7.30     72210      43856		
#Results for performance runs started at 19354:12:48:57 XCMD=-c4
549578576         MLT nnet_test                                  1   1     0      1.342         10       7.45     72210      43856		
549578576         MLT nnet_test                                  1   1     0      1.352         10       7.40     72210      43856		
549578576         MLT nnet_test                                  1   1     0      1.364         10       7.33     72210      43856		
#Median for final result nnet_test/
549578576         MLT nnet_test                                  1   1     0      1.352         10       7.40     72210      43856 median single
#UID            Suite Name                                     Ctx Wrk Fails       t(s)       Iter     Iter/s  Codesize   Datasize
#Results for verification run started at 19354:12:49:01 XCMD=-c4
1046644201        MLT linear_alg-mid-100x100-sp                  1   1     0      0.009          1     111.11     73532       4552		
#Results for performance runs started at 19354:12:49:01 XCMD=-c4
1046644201        MLT linear_alg-mid-100x100-sp                  1   1     0      0.348         50     143.68     73532       4552		
1046644201        MLT linear_alg-mid-100x100-sp                  1   1     0      0.343         50     145.77     73532       4552		
1046644201        MLT linear_alg-mid-100x100-sp                  1   1     0      0.344         50     145.35     73532       4552		
#Median for final result linear_alg-mid-100x100-sp/
1046644201        MLT linear_alg-mid-100x100-sp                  1   1     0      0.344         50     145.35     73532       4552 median single
#UID            Suite Name                                     Ctx Wrk Fails       t(s)       Iter     Iter/s  Codesize   Datasize
#Results for verification run started at 19354:12:49:03 XCMD=-c4
780641437         MLT parser-125k                                1   1     0      0.045          1      22.22     88486       2496		
#Results for performance runs started at 19354:12:49:03 XCMD=-c4
780641437         MLT parser-125k                                1   1     0      0.047          1      21.28     88486       2496		
780641437         MLT parser-125k                                1   1     0      0.044          1      22.73     88486       2496		
780641437         MLT parser-125k                                1   1     0      0.045          1      22.22     88486       2496		
#Median for final result parser-125k/
780641437         MLT parser-125k                                1   1     0      0.045          1      22.22     88486       2496 median single
#UID            Suite Name                                     Ctx Wrk Fails       t(s)       Iter     Iter/s  Codesize   Datasize
#Results for verification run started at 19354:12:49:03 XCMD=-c4
1814569103        MLT loops-all-mid-10k-sp                       1   1     0      0.180          1       5.56     90062       8376		
#Results for performance runs started at 19354:12:49:03 XCMD=-c4
1814569103        MLT loops-all-mid-10k-sp                       1   1     0      8.367         50       5.98     90062       8376		
1814569103        MLT loops-all-mid-10k-sp                       1   1     0      8.413         50       5.94     90062       8376		
1814569103        MLT loops-all-mid-10k-sp                       1   1     0      8.297         50       6.03     90062       8376		
#Median for final result loops-all-mid-10k-sp/
1814569103        MLT loops-all-mid-10k-sp                       1   1     0      8.367         50       5.98     90062       8376 median single
#UID            Suite Name                                     Ctx Wrk Fails       t(s)       Iter     Iter/s  Codesize   Datasize
#Results for verification run started at 19354:12:49:29 XCMD=-c4
1862946660        MLT radix2-big-64k                             1   1     0      0.012          1      83.33   1447666       2608		
#Results for performance runs started at 19354:12:49:29 XCMD=-c4
1862946660        MLT radix2-big-64k                             1   1     0      2.001       1000     499.75   1447666       2608		
1862946660        MLT radix2-big-64k                             1   1     0      1.995       1000     501.25   1447666       2608		
1862946660        MLT radix2-big-64k                             1   1     0      2.007       1000     498.26   1447666       2608		
#Median for final result radix2-big-64k/
1862946660        MLT radix2-big-64k                             1   1     0      2.001       1000     499.75   1447666       2608 median single
#UID            Suite Name                                     Ctx Wrk Fails       t(s)       Iter     Iter/s  Codesize   Datasize
#Results for verification run started at 19354:12:49:35 XCMD=-c4
946108807         MLT zip-test                                   1   1     0      0.012          1      83.33    133164       3000		
#Results for performance runs started at 19354:12:49:35 XCMD=-c4
946108807         MLT zip-test                                   1   1     0      0.011          1      90.91    133164       3000		
946108807         MLT zip-test                                   1   1     0      0.010          1     100.00    133164       3000		
946108807         MLT zip-test                                   1   1     0      0.010          1     100.00    133164       3000		
#Median for final result zip-test/
946108807         MLT zip-test                                   1   1     0      0.010          1     100.00    133164       3000 median single
