-  Info: Starting Run...
-- Workload:linear_alg-mid-100x100-sp=1046644201
-- linear_alg-mid-100x100-sp:time(ns)=11
-- linear_alg-mid-100x100-sp:contexts=4
-- linear_alg-mid-100x100-sp:iterations=1
-- linear_alg-mid-100x100-sp:time(secs)=   0.011
-- linear_alg-mid-100x100-sp:secs/workload=   0.011
-- linear_alg-mid-100x100-sp:workloads/sec= 90.9091
Info: This run was executed with verification turned on! For performance results, use -v0.
-- linear_alg-mid:UID=10000
-- linear_alg-mid:fails=0
-- linear_alg-mid:time(ticks)=11
-- linear_alg-mid:count=1
-- linear_alg-mid:repeats=0
-- linear_alg-mid:v1=23
-- linear_alg-mid:v2=23
-- linear_alg-mid:v3=100
-- linear_alg-mid:v4=10
-- linear_alg-mid:f1=1.000000e+00
-- linear_alg-mid:f2=1.000000e+00
-- linear_alg-mid:f3=0.000000e+00
-- linear_alg-mid:f4=0.000000e+00
-- linear_alg-mid:secs/repeat=     inf
-- linear_alg-mid:repeats/sec=       0
-- linear_alg-mid:time(secs)=   0.011
-- linear_alg-mid:secs/item=   0.011
-- linear_alg-mid:items/sec= 90.9091
-- Items:total(ticks)=11
-- Items:total(secs)=   0.011
-- Done:linear_alg-mid-100x100-sp=1046644201
