>> Data Set                 : Rose256.bmp
>> Output File              : Rose256.jpg
>> Data Set                 : Rose256.bmp
>> Output File              : Rose256.jpg
>> Data Set                 : Rose256.bmp
>> Output File              : Rose256.jpg
>> Data Set                 : Rose256.bmp
>> Output File              : Rose256.jpg
>> Data Set                 : Rose256.bmp
>> Output File              : Rose256.jpg
>> Data Set                 : Rose256.bmp
>> Output File              : Rose256.jpg
>> Data Set                 : Rose256.bmp
>> Output File              : Rose256.jpg
-  Info: Starting Run...
-- Workload:cjpeg-rose7-preset=236760500
-- cjpeg-rose7-preset:time(ns)=70
-- cjpeg-rose7-preset:contexts=1
-- cjpeg-rose7-preset:workers=1
-- cjpeg-rose7-preset:iterations=10
-- cjpeg-rose7-preset:time(secs)=    0.07
-- cjpeg-rose7-preset:secs/workload=   0.007
-- cjpeg-rose7-preset:workloads/sec= 142.857
-- Done:cjpeg-rose7-preset=236760500
